Traceback (most recent call last):
  File "/home/iridium/anaconda3/lib/python3.7/site-packages/jupyter_cache/executors/utils.py", line 56, in single_nb_execution
    record_timing=False,
  File "/home/iridium/anaconda3/lib/python3.7/site-packages/nbclient/client.py", line 1087, in execute
    return NotebookClient(nb=nb, resources=resources, km=km, **kwargs).execute()
  File "/home/iridium/anaconda3/lib/python3.7/site-packages/nbclient/util.py", line 74, in wrapped
    return just_run(coro(*args, **kwargs))
  File "/home/iridium/anaconda3/lib/python3.7/site-packages/nbclient/util.py", line 53, in just_run
    return loop.run_until_complete(coro)
  File "/home/iridium/anaconda3/lib/python3.7/asyncio/base_events.py", line 583, in run_until_complete
    return future.result()
  File "/home/iridium/anaconda3/lib/python3.7/site-packages/nbclient/client.py", line 541, in async_execute
    cell, index, execution_count=self.code_cells_executed + 1
  File "/home/iridium/anaconda3/lib/python3.7/site-packages/nbclient/client.py", line 832, in async_execute_cell
    self._check_raise_for_error(cell, exec_reply)
  File "/home/iridium/anaconda3/lib/python3.7/site-packages/nbclient/client.py", line 740, in _check_raise_for_error
    raise CellExecutionError.from_cell_and_msg(cell, exec_reply['content'])
nbclient.exceptions.CellExecutionError: An error occurred while executing the following cell:
------------------
allpasslat_lf.lcapy_self(False, False)
n=kiwi.NodalAnalysis(allpasslat_lf.schematic.laplace())
n.nodal_equations()
------------------

[0;31m---------------------------------------------------------------------------[0m
[0;31mAttributeError[0m                            Traceback (most recent call last)
[0;32m<ipython-input-126-2419374f2f5d>[0m in [0;36m<module>[0;34m[0m
[1;32m      1[0m [0mallpasslat_lf[0m[0;34m.[0m[0mlcapy_self[0m[0;34m([0m[0;32mFalse[0m[0;34m,[0m [0;32mFalse[0m[0;34m)[0m[0;34m[0m[0;34m[0m[0m
[0;32m----> 2[0;31m [0mn[0m[0;34m=[0m[0mkiwi[0m[0;34m.[0m[0mNodalAnalysis[0m[0;34m([0m[0mallpasslat_lf[0m[0;34m.[0m[0mschematic[0m[0;34m.[0m[0mlaplace[0m[0;34m([0m[0;34m)[0m[0;34m)[0m[0;34m[0m[0;34m[0m[0m
[0m[1;32m      3[0m [0mn[0m[0;34m.[0m[0mnodal_equations[0m[0;34m([0m[0;34m)[0m[0;34m[0m[0;34m[0m[0m

[0;32m~/anaconda3/lib/python3.7/site-packages/lcapy/nodalanalysis.py[0m in [0;36m__init__[0;34m(self, cct, node_prefix)[0m
[1;32m     64[0m         [0mself[0m[0;34m.[0m[0m_y[0m [0;34m=[0m [0mmatrix[0m[0;34m([0m[0;34m[[0m[0mval[0m [0;32mfor[0m [0mkey[0m[0;34m,[0m [0mval[0m [0;32min[0m [0mself[0m[0;34m.[0m[0m_unknowns[0m[0;34m.[0m[0mitems[0m[0;34m([0m[0;34m)[0m [0;32mif[0m [0mkey[0m [0;34m!=[0m [0;34m'0'[0m[0;34m][0m[0;34m)[0m[0;34m[0m[0;34m[0m[0m
[1;32m     65[0m [0;34m[0m[0m
[0;32m---> 66[0;31m         [0mself[0m[0;34m.[0m[0m_equations[0m [0;34m=[0m [0mself[0m[0;34m.[0m[0m_make_equations[0m[0;34m([0m[0;34m)[0m[0;34m[0m[0;34m[0m[0m
[0m[1;32m     67[0m [0;34m[0m[0m
[1;32m     68[0m [0;34m[0m[0m

[0;32m~/anaconda3/lib/python3.7/site-packages/lcapy/nodalanalysis.py[0m in [0;36m_make_equations[0;34m(self)[0m
[1;32m    124[0m                     [0;32melse[0m[0;34m:[0m[0;34m[0m[0;34m[0m[0m
[1;32m    125[0m                         [0;32mraise[0m [0mValueError[0m[0;34m([0m[0;34m'Component %s does not have node %s'[0m [0;34m%[0m [0;34m([0m[0melt[0m[0;34m,[0m [0mnode[0m[0;34m)[0m[0;34m)[0m[0;34m[0m[0;34m[0m[0m
[0;32m--> 126[0;31m                     [0mresult[0m [0;34m+=[0m [0melt[0m[0;34m.[0m[0mcpt[0m[0;34m.[0m[0mi_equation[0m[0;34m([0m[0mself[0m[0;34m.[0m[0m_unknowns[0m[0;34m[[0m[0mn1[0m[0;34m][0m [0;34m-[0m [0mself[0m[0;34m.[0m[0m_unknowns[0m[0;34m[[0m[0mn2[0m[0;34m][0m[0;34m,[0m [0mself[0m[0;34m.[0m[0mkind[0m[0;34m)[0m[0;34m[0m[0;34m[0m[0m
[0m[1;32m    127[0m                 [0mlhs[0m[0;34m,[0m [0mrhs[0m [0;34m=[0m [0mresult[0m[0;34m,[0m [0mexpr[0m[0;34m([0m[0;36m0[0m[0;34m)[0m[0;34m[0m[0;34m[0m[0m
[1;32m    128[0m [0;34m[0m[0m

[0;32m~/anaconda3/lib/python3.7/site-packages/lcapy/oneport.py[0m in [0;36mi_equation[0;34m(self, v, kind)[0m
[1;32m    889[0m         [0;32mif[0m [0mkind[0m [0;32min[0m [0;34m([0m[0;34m't'[0m[0;34m,[0m [0;34m'time'[0m[0;34m,[0m [0;34m'super'[0m[0;34m)[0m[0;34m:[0m[0;34m[0m[0;34m[0m[0m
[1;32m    890[0m             [0;32mreturn[0m [0mSuperpositionCurrent[0m[0;34m([0m[0mself[0m[0;34m.[0m[0mC[0m [0;34m*[0m [0mexpr[0m[0;34m([0m[0mDerivative[0m[0;34m([0m[0mv[0m[0;34m.[0m[0mexpr[0m[0;34m,[0m [0mt[0m[0;34m)[0m[0;34m)[0m[0;34m)[0m[0;34m.[0m[0mselect[0m[0;34m([0m[0mkind[0m[0;34m)[0m[0;34m[0m[0;34m[0m[0m
[0;32m--> 891[0;31m         [0;32mreturn[0m [0mSuperpositionCurrent[0m[0;34m([0m[0mSuperpositionVoltage[0m[0;34m([0m[0mv[0m[0;34m)[0m[0;34m.[0m[0mselect[0m[0;34m([0m[0mkind[0m[0;34m)[0m [0;34m/[0m [0mself[0m[0;34m.[0m[0m_Z[0m[0;34m.[0m[0m_selectexpr[0m[0;34m([0m[0mkind[0m[0;34m)[0m[0;34m)[0m[0;34m.[0m[0mselect[0m[0;34m([0m[0mkind[0m[0;34m)[0m[0;34m[0m[0;34m[0m[0m
[0m[1;32m    892[0m [0;34m[0m[0m
[1;32m    893[0m     [0;32mdef[0m [0mv_equation[0m[0;34m([0m[0mself[0m[0;34m,[0m [0mi[0m[0;34m,[0m [0mkind[0m[0;34m=[0m[0;34m't'[0m[0;34m)[0m[0;34m:[0m[0;34m[0m[0;34m[0m[0m

[0;32m~/anaconda3/lib/python3.7/site-packages/lcapy/expr.py[0m in [0;36m__getattr__[0;34m(self, attr)[0m
[1;32m    635[0m         [0mexpr1[0m [0;34m=[0m [0mself[0m[0;34m.[0m[0mexpr[0m[0;34m[0m[0;34m[0m[0m
[1;32m    636[0m         [0;32mtry[0m[0;34m:[0m[0;34m[0m[0;34m[0m[0m
[0;32m--> 637[0;31m             [0ma[0m [0;34m=[0m [0mgetattr[0m[0;34m([0m[0mexpr1[0m[0;34m,[0m [0mattr[0m[0;34m)[0m[0;34m[0m[0;34m[0m[0m
[0m[1;32m    638[0m         [0;32mexcept[0m[0;34m:[0m[0;34m[0m[0;34m[0m[0m
[1;32m    639[0m             [0;32mraise[0m[0;34m[0m[0;34m[0m[0m

[0;31mAttributeError[0m: 'Mul' object has no attribute '_selectexpr'
AttributeError: 'Mul' object has no attribute '_selectexpr'

